CRITICAL - 2023-01-23 09:15:59 --> View themes, no current section.
in SYSTEMPATH\View\View.php on line 394.
 1 APPPATH\Views\pages\signup.php(68): CodeIgniter\View\View->endSection()
 2 SYSTEMPATH\View\View.php(213): include('APPPATH\\Views\\pages\\signup.php')
 3 SYSTEMPATH\View\View.php(216): CodeIgniter\View\View->CodeIgniter\View\{closure}()
 4 SYSTEMPATH\Common.php(1134): CodeIgniter\View\View->render('pages/signup', [], true)
 5 APPPATH\Controllers\PagesControler.php(13): view('pages/signup')
 6 SYSTEMPATH\CodeIgniter.php(927): App\Controllers\PagesControler->Signup()
 7 SYSTEMPATH\CodeIgniter.php(482): CodeIgniter\CodeIgniter->runController(Object(App\Controllers\PagesControler))
 8 SYSTEMPATH\CodeIgniter.php(351): CodeIgniter\CodeIgniter->handleRequest(null, Object(Config\Cache), false)
 9 FCPATH\index.php(67): CodeIgniter\CodeIgniter->run()
10 SYSTEMPATH\Commands\Server\rewrite.php(46): require_once('FCPATH\\index.php')
CRITICAL - 2023-01-23 23:29:14 --> Undefined variable $ambil
in APPPATH\Views\pages\admin.php on line 8.
 1 APPPATH\Views\pages\admin.php(8): CodeIgniter\Debug\Exceptions->errorHandler(2, 'Undefined variable $ambil', 'APPPATH\\Views\\pages\\admin.php', 8)
 2 SYSTEMPATH\View\View.php(213): include('APPPATH\\Views\\pages\\admin.php')
 3 SYSTEMPATH\View\View.php(216): CodeIgniter\View\View->CodeIgniter\View\{closure}()
 4 SYSTEMPATH\Common.php(1134): CodeIgniter\View\View->render('pages/admin', [], true)
 5 APPPATH\Controllers\PagesControler.php(17): view('pages/admin')
 6 SYSTEMPATH\CodeIgniter.php(927): App\Controllers\PagesControler->Admin()
 7 SYSTEMPATH\CodeIgniter.php(482): CodeIgniter\CodeIgniter->runController(Object(App\Controllers\PagesControler))
 8 SYSTEMPATH\CodeIgniter.php(351): CodeIgniter\CodeIgniter->handleRequest(null, Object(Config\Cache), false)
 9 FCPATH\index.php(67): CodeIgniter\CodeIgniter->run()
10 SYSTEMPATH\Commands\Server\rewrite.php(46): require_once('FCPATH\\index.php')
CRITICAL - 2023-01-23 23:31:50 --> Undefined variable $ambil
in APPPATH\Views\pages\admin.php on line 8.
 1 APPPATH\Views\pages\admin.php(8): CodeIgniter\Debug\Exceptions->errorHandler(2, 'Undefined variable $ambil', 'APPPATH\\Views\\pages\\admin.php', 8)
 2 SYSTEMPATH\View\View.php(213): include('APPPATH\\Views\\pages\\admin.php')
 3 SYSTEMPATH\View\View.php(216): CodeIgniter\View\View->CodeIgniter\View\{closure}()
 4 SYSTEMPATH\Common.php(1134): CodeIgniter\View\View->render('pages/admin', [], true)
 5 APPPATH\Controllers\PagesControler.php(17): view('pages/admin')
 6 SYSTEMPATH\CodeIgniter.php(927): App\Controllers\PagesControler->Admin()
 7 SYSTEMPATH\CodeIgniter.php(482): CodeIgniter\CodeIgniter->runController(Object(App\Controllers\PagesControler))
 8 SYSTEMPATH\CodeIgniter.php(351): CodeIgniter\CodeIgniter->handleRequest(null, Object(Config\Cache), false)
 9 FCPATH\index.php(67): CodeIgniter\CodeIgniter->run()
10 SYSTEMPATH\Commands\Server\rewrite.php(46): require_once('FCPATH\\index.php')
CRITICAL - 2023-01-23 23:31:51 --> Undefined variable $ambil
in APPPATH\Views\pages\admin.php on line 8.
 1 APPPATH\Views\pages\admin.php(8): CodeIgniter\Debug\Exceptions->errorHandler(2, 'Undefined variable $ambil', 'APPPATH\\Views\\pages\\admin.php', 8)
 2 SYSTEMPATH\View\View.php(213): include('APPPATH\\Views\\pages\\admin.php')
 3 SYSTEMPATH\View\View.php(216): CodeIgniter\View\View->CodeIgniter\View\{closure}()
 4 SYSTEMPATH\Common.php(1134): CodeIgniter\View\View->render('pages/admin', [], true)
 5 APPPATH\Controllers\PagesControler.php(17): view('pages/admin')
 6 SYSTEMPATH\CodeIgniter.php(927): App\Controllers\PagesControler->Admin()
 7 SYSTEMPATH\CodeIgniter.php(482): CodeIgniter\CodeIgniter->runController(Object(App\Controllers\PagesControler))
 8 SYSTEMPATH\CodeIgniter.php(351): CodeIgniter\CodeIgniter->handleRequest(null, Object(Config\Cache), false)
 9 FCPATH\index.php(67): CodeIgniter\CodeIgniter->run()
10 SYSTEMPATH\Commands\Server\rewrite.php(46): require_once('FCPATH\\index.php')
CRITICAL - 2023-01-23 23:31:52 --> Undefined variable $ambil
in APPPATH\Views\pages\admin.php on line 8.
 1 APPPATH\Views\pages\admin.php(8): CodeIgniter\Debug\Exceptions->errorHandler(2, 'Undefined variable $ambil', 'APPPATH\\Views\\pages\\admin.php', 8)
 2 SYSTEMPATH\View\View.php(213): include('APPPATH\\Views\\pages\\admin.php')
 3 SYSTEMPATH\View\View.php(216): CodeIgniter\View\View->CodeIgniter\View\{closure}()
 4 SYSTEMPATH\Common.php(1134): CodeIgniter\View\View->render('pages/admin', [], true)
 5 APPPATH\Controllers\PagesControler.php(17): view('pages/admin')
 6 SYSTEMPATH\CodeIgniter.php(927): App\Controllers\PagesControler->Admin()
 7 SYSTEMPATH\CodeIgniter.php(482): CodeIgniter\CodeIgniter->runController(Object(App\Controllers\PagesControler))
 8 SYSTEMPATH\CodeIgniter.php(351): CodeIgniter\CodeIgniter->handleRequest(null, Object(Config\Cache), false)
 9 FCPATH\index.php(67): CodeIgniter\CodeIgniter->run()
10 SYSTEMPATH\Commands\Server\rewrite.php(46): require_once('FCPATH\\index.php')
CRITICAL - 2023-01-23 23:31:52 --> Undefined variable $ambil
in APPPATH\Views\pages\admin.php on line 8.
 1 APPPATH\Views\pages\admin.php(8): CodeIgniter\Debug\Exceptions->errorHandler(2, 'Undefined variable $ambil', 'APPPATH\\Views\\pages\\admin.php', 8)
 2 SYSTEMPATH\View\View.php(213): include('APPPATH\\Views\\pages\\admin.php')
 3 SYSTEMPATH\View\View.php(216): CodeIgniter\View\View->CodeIgniter\View\{closure}()
 4 SYSTEMPATH\Common.php(1134): CodeIgniter\View\View->render('pages/admin', [], true)
 5 APPPATH\Controllers\PagesControler.php(17): view('pages/admin')
 6 SYSTEMPATH\CodeIgniter.php(927): App\Controllers\PagesControler->Admin()
 7 SYSTEMPATH\CodeIgniter.php(482): CodeIgniter\CodeIgniter->runController(Object(App\Controllers\PagesControler))
 8 SYSTEMPATH\CodeIgniter.php(351): CodeIgniter\CodeIgniter->handleRequest(null, Object(Config\Cache), false)
 9 FCPATH\index.php(67): CodeIgniter\CodeIgniter->run()
10 SYSTEMPATH\Commands\Server\rewrite.php(46): require_once('FCPATH\\index.php')
CRITICAL - 2023-01-23 23:31:52 --> Undefined variable $ambil
in APPPATH\Views\pages\admin.php on line 8.
 1 APPPATH\Views\pages\admin.php(8): CodeIgniter\Debug\Exceptions->errorHandler(2, 'Undefined variable $ambil', 'APPPATH\\Views\\pages\\admin.php', 8)
 2 SYSTEMPATH\View\View.php(213): include('APPPATH\\Views\\pages\\admin.php')
 3 SYSTEMPATH\View\View.php(216): CodeIgniter\View\View->CodeIgniter\View\{closure}()
 4 SYSTEMPATH\Common.php(1134): CodeIgniter\View\View->render('pages/admin', [], true)
 5 APPPATH\Controllers\PagesControler.php(17): view('pages/admin')
 6 SYSTEMPATH\CodeIgniter.php(927): App\Controllers\PagesControler->Admin()
 7 SYSTEMPATH\CodeIgniter.php(482): CodeIgniter\CodeIgniter->runController(Object(App\Controllers\PagesControler))
 8 SYSTEMPATH\CodeIgniter.php(351): CodeIgniter\CodeIgniter->handleRequest(null, Object(Config\Cache), false)
 9 FCPATH\index.php(67): CodeIgniter\CodeIgniter->run()
10 SYSTEMPATH\Commands\Server\rewrite.php(46): require_once('FCPATH\\index.php')
CRITICAL - 2023-01-23 23:34:08 --> Undefined variable $ambil
in APPPATH\Views\pages\admin.php on line 8.
 1 APPPATH\Views\pages\admin.php(8): CodeIgniter\Debug\Exceptions->errorHandler(2, 'Undefined variable $ambil', 'APPPATH\\Views\\pages\\admin.php', 8)
 2 SYSTEMPATH\View\View.php(213): include('APPPATH\\Views\\pages\\admin.php')
 3 SYSTEMPATH\View\View.php(216): CodeIgniter\View\View->CodeIgniter\View\{closure}()
 4 SYSTEMPATH\Common.php(1134): CodeIgniter\View\View->render('pages/admin', [], true)
 5 APPPATH\Controllers\PagesControler.php(17): view('pages/admin')
 6 SYSTEMPATH\CodeIgniter.php(927): App\Controllers\PagesControler->Admin()
 7 SYSTEMPATH\CodeIgniter.php(482): CodeIgniter\CodeIgniter->runController(Object(App\Controllers\PagesControler))
 8 SYSTEMPATH\CodeIgniter.php(351): CodeIgniter\CodeIgniter->handleRequest(null, Object(Config\Cache), false)
 9 FCPATH\index.php(67): CodeIgniter\CodeIgniter->run()
10 SYSTEMPATH\Commands\Server\rewrite.php(46): require_once('FCPATH\\index.php')
CRITICAL - 2023-01-23 23:34:08 --> Undefined variable $ambil
in APPPATH\Views\pages\admin.php on line 8.
 1 APPPATH\Views\pages\admin.php(8): CodeIgniter\Debug\Exceptions->errorHandler(2, 'Undefined variable $ambil', 'APPPATH\\Views\\pages\\admin.php', 8)
 2 SYSTEMPATH\View\View.php(213): include('APPPATH\\Views\\pages\\admin.php')
 3 SYSTEMPATH\View\View.php(216): CodeIgniter\View\View->CodeIgniter\View\{closure}()
 4 SYSTEMPATH\Common.php(1134): CodeIgniter\View\View->render('pages/admin', [], true)
 5 APPPATH\Controllers\PagesControler.php(17): view('pages/admin')
 6 SYSTEMPATH\CodeIgniter.php(927): App\Controllers\PagesControler->Admin()
 7 SYSTEMPATH\CodeIgniter.php(482): CodeIgniter\CodeIgniter->runController(Object(App\Controllers\PagesControler))
 8 SYSTEMPATH\CodeIgniter.php(351): CodeIgniter\CodeIgniter->handleRequest(null, Object(Config\Cache), false)
 9 FCPATH\index.php(67): CodeIgniter\CodeIgniter->run()
10 SYSTEMPATH\Commands\Server\rewrite.php(46): require_once('FCPATH\\index.php')
CRITICAL - 2023-01-23 23:34:09 --> Undefined variable $ambil
in APPPATH\Views\pages\admin.php on line 8.
 1 APPPATH\Views\pages\admin.php(8): CodeIgniter\Debug\Exceptions->errorHandler(2, 'Undefined variable $ambil', 'APPPATH\\Views\\pages\\admin.php', 8)
 2 SYSTEMPATH\View\View.php(213): include('APPPATH\\Views\\pages\\admin.php')
 3 SYSTEMPATH\View\View.php(216): CodeIgniter\View\View->CodeIgniter\View\{closure}()
 4 SYSTEMPATH\Common.php(1134): CodeIgniter\View\View->render('pages/admin', [], true)
 5 APPPATH\Controllers\PagesControler.php(17): view('pages/admin')
 6 SYSTEMPATH\CodeIgniter.php(927): App\Controllers\PagesControler->Admin()
 7 SYSTEMPATH\CodeIgniter.php(482): CodeIgniter\CodeIgniter->runController(Object(App\Controllers\PagesControler))
 8 SYSTEMPATH\CodeIgniter.php(351): CodeIgniter\CodeIgniter->handleRequest(null, Object(Config\Cache), false)
 9 FCPATH\index.php(67): CodeIgniter\CodeIgniter->run()
10 SYSTEMPATH\Commands\Server\rewrite.php(46): require_once('FCPATH\\index.php')
CRITICAL - 2023-01-23 23:36:20 --> Undefined variable $ambil
in APPPATH\Views\pages\admin.php on line 8.
 1 APPPATH\Views\pages\admin.php(8): CodeIgniter\Debug\Exceptions->errorHandler(2, 'Undefined variable $ambil', 'APPPATH\\Views\\pages\\admin.php', 8)
 2 SYSTEMPATH\View\View.php(213): include('APPPATH\\Views\\pages\\admin.php')
 3 SYSTEMPATH\View\View.php(216): CodeIgniter\View\View->CodeIgniter\View\{closure}()
 4 SYSTEMPATH\Common.php(1134): CodeIgniter\View\View->render('pages/admin', [], true)
 5 APPPATH\Controllers\PagesControler.php(17): view('pages/admin')
 6 SYSTEMPATH\CodeIgniter.php(927): App\Controllers\PagesControler->Admin()
 7 SYSTEMPATH\CodeIgniter.php(482): CodeIgniter\CodeIgniter->runController(Object(App\Controllers\PagesControler))
 8 SYSTEMPATH\CodeIgniter.php(351): CodeIgniter\CodeIgniter->handleRequest(null, Object(Config\Cache), false)
 9 FCPATH\index.php(67): CodeIgniter\CodeIgniter->run()
10 SYSTEMPATH\Commands\Server\rewrite.php(46): require_once('FCPATH\\index.php')
CRITICAL - 2023-01-23 23:36:21 --> Undefined variable $ambil
in APPPATH\Views\pages\admin.php on line 8.
 1 APPPATH\Views\pages\admin.php(8): CodeIgniter\Debug\Exceptions->errorHandler(2, 'Undefined variable $ambil', 'APPPATH\\Views\\pages\\admin.php', 8)
 2 SYSTEMPATH\View\View.php(213): include('APPPATH\\Views\\pages\\admin.php')
 3 SYSTEMPATH\View\View.php(216): CodeIgniter\View\View->CodeIgniter\View\{closure}()
 4 SYSTEMPATH\Common.php(1134): CodeIgniter\View\View->render('pages/admin', [], true)
 5 APPPATH\Controllers\PagesControler.php(17): view('pages/admin')
 6 SYSTEMPATH\CodeIgniter.php(927): App\Controllers\PagesControler->Admin()
 7 SYSTEMPATH\CodeIgniter.php(482): CodeIgniter\CodeIgniter->runController(Object(App\Controllers\PagesControler))
 8 SYSTEMPATH\CodeIgniter.php(351): CodeIgniter\CodeIgniter->handleRequest(null, Object(Config\Cache), false)
 9 FCPATH\index.php(67): CodeIgniter\CodeIgniter->run()
10 SYSTEMPATH\Commands\Server\rewrite.php(46): require_once('FCPATH\\index.php')
CRITICAL - 2023-01-23 23:36:22 --> Undefined variable $ambil
in APPPATH\Views\pages\admin.php on line 8.
 1 APPPATH\Views\pages\admin.php(8): CodeIgniter\Debug\Exceptions->errorHandler(2, 'Undefined variable $ambil', 'APPPATH\\Views\\pages\\admin.php', 8)
 2 SYSTEMPATH\View\View.php(213): include('APPPATH\\Views\\pages\\admin.php')
 3 SYSTEMPATH\View\View.php(216): CodeIgniter\View\View->CodeIgniter\View\{closure}()
 4 SYSTEMPATH\Common.php(1134): CodeIgniter\View\View->render('pages/admin', [], true)
 5 APPPATH\Controllers\PagesControler.php(17): view('pages/admin')
 6 SYSTEMPATH\CodeIgniter.php(927): App\Controllers\PagesControler->Admin()
 7 SYSTEMPATH\CodeIgniter.php(482): CodeIgniter\CodeIgniter->runController(Object(App\Controllers\PagesControler))
 8 SYSTEMPATH\CodeIgniter.php(351): CodeIgniter\CodeIgniter->handleRequest(null, Object(Config\Cache), false)
 9 FCPATH\index.php(67): CodeIgniter\CodeIgniter->run()
10 SYSTEMPATH\Commands\Server\rewrite.php(46): require_once('FCPATH\\index.php')
CRITICAL - 2023-01-23 23:36:22 --> Undefined variable $ambil
in APPPATH\Views\pages\admin.php on line 8.
 1 APPPATH\Views\pages\admin.php(8): CodeIgniter\Debug\Exceptions->errorHandler(2, 'Undefined variable $ambil', 'APPPATH\\Views\\pages\\admin.php', 8)
 2 SYSTEMPATH\View\View.php(213): include('APPPATH\\Views\\pages\\admin.php')
 3 SYSTEMPATH\View\View.php(216): CodeIgniter\View\View->CodeIgniter\View\{closure}()
 4 SYSTEMPATH\Common.php(1134): CodeIgniter\View\View->render('pages/admin', [], true)
 5 APPPATH\Controllers\PagesControler.php(17): view('pages/admin')
 6 SYSTEMPATH\CodeIgniter.php(927): App\Controllers\PagesControler->Admin()
 7 SYSTEMPATH\CodeIgniter.php(482): CodeIgniter\CodeIgniter->runController(Object(App\Controllers\PagesControler))
 8 SYSTEMPATH\CodeIgniter.php(351): CodeIgniter\CodeIgniter->handleRequest(null, Object(Config\Cache), false)
 9 FCPATH\index.php(67): CodeIgniter\CodeIgniter->run()
10 SYSTEMPATH\Commands\Server\rewrite.php(46): require_once('FCPATH\\index.php')
CRITICAL - 2023-01-23 23:36:22 --> Undefined variable $ambil
in APPPATH\Views\pages\admin.php on line 8.
 1 APPPATH\Views\pages\admin.php(8): CodeIgniter\Debug\Exceptions->errorHandler(2, 'Undefined variable $ambil', 'APPPATH\\Views\\pages\\admin.php', 8)
 2 SYSTEMPATH\View\View.php(213): include('APPPATH\\Views\\pages\\admin.php')
 3 SYSTEMPATH\View\View.php(216): CodeIgniter\View\View->CodeIgniter\View\{closure}()
 4 SYSTEMPATH\Common.php(1134): CodeIgniter\View\View->render('pages/admin', [], true)
 5 APPPATH\Controllers\PagesControler.php(17): view('pages/admin')
 6 SYSTEMPATH\CodeIgniter.php(927): App\Controllers\PagesControler->Admin()
 7 SYSTEMPATH\CodeIgniter.php(482): CodeIgniter\CodeIgniter->runController(Object(App\Controllers\PagesControler))
 8 SYSTEMPATH\CodeIgniter.php(351): CodeIgniter\CodeIgniter->handleRequest(null, Object(Config\Cache), false)
 9 FCPATH\index.php(67): CodeIgniter\CodeIgniter->run()
10 SYSTEMPATH\Commands\Server\rewrite.php(46): require_once('FCPATH\\index.php')
CRITICAL - 2023-01-23 23:36:22 --> Undefined variable $ambil
in APPPATH\Views\pages\admin.php on line 8.
 1 APPPATH\Views\pages\admin.php(8): CodeIgniter\Debug\Exceptions->errorHandler(2, 'Undefined variable $ambil', 'APPPATH\\Views\\pages\\admin.php', 8)
 2 SYSTEMPATH\View\View.php(213): include('APPPATH\\Views\\pages\\admin.php')
 3 SYSTEMPATH\View\View.php(216): CodeIgniter\View\View->CodeIgniter\View\{closure}()
 4 SYSTEMPATH\Common.php(1134): CodeIgniter\View\View->render('pages/admin', [], true)
 5 APPPATH\Controllers\PagesControler.php(17): view('pages/admin')
 6 SYSTEMPATH\CodeIgniter.php(927): App\Controllers\PagesControler->Admin()
 7 SYSTEMPATH\CodeIgniter.php(482): CodeIgniter\CodeIgniter->runController(Object(App\Controllers\PagesControler))
 8 SYSTEMPATH\CodeIgniter.php(351): CodeIgniter\CodeIgniter->handleRequest(null, Object(Config\Cache), false)
 9 FCPATH\index.php(67): CodeIgniter\CodeIgniter->run()
10 SYSTEMPATH\Commands\Server\rewrite.php(46): require_once('FCPATH\\index.php')
CRITICAL - 2023-01-23 23:36:23 --> Undefined variable $ambil
in APPPATH\Views\pages\admin.php on line 8.
 1 APPPATH\Views\pages\admin.php(8): CodeIgniter\Debug\Exceptions->errorHandler(2, 'Undefined variable $ambil', 'APPPATH\\Views\\pages\\admin.php', 8)
 2 SYSTEMPATH\View\View.php(213): include('APPPATH\\Views\\pages\\admin.php')
 3 SYSTEMPATH\View\View.php(216): CodeIgniter\View\View->CodeIgniter\View\{closure}()
 4 SYSTEMPATH\Common.php(1134): CodeIgniter\View\View->render('pages/admin', [], true)
 5 APPPATH\Controllers\PagesControler.php(17): view('pages/admin')
 6 SYSTEMPATH\CodeIgniter.php(927): App\Controllers\PagesControler->Admin()
 7 SYSTEMPATH\CodeIgniter.php(482): CodeIgniter\CodeIgniter->runController(Object(App\Controllers\PagesControler))
 8 SYSTEMPATH\CodeIgniter.php(351): CodeIgniter\CodeIgniter->handleRequest(null, Object(Config\Cache), false)
 9 FCPATH\index.php(67): CodeIgniter\CodeIgniter->run()
10 SYSTEMPATH\Commands\Server\rewrite.php(46): require_once('FCPATH\\index.php')
CRITICAL - 2023-01-23 23:36:23 --> Undefined variable $ambil
in APPPATH\Views\pages\admin.php on line 8.
 1 APPPATH\Views\pages\admin.php(8): CodeIgniter\Debug\Exceptions->errorHandler(2, 'Undefined variable $ambil', 'APPPATH\\Views\\pages\\admin.php', 8)
 2 SYSTEMPATH\View\View.php(213): include('APPPATH\\Views\\pages\\admin.php')
 3 SYSTEMPATH\View\View.php(216): CodeIgniter\View\View->CodeIgniter\View\{closure}()
 4 SYSTEMPATH\Common.php(1134): CodeIgniter\View\View->render('pages/admin', [], true)
 5 APPPATH\Controllers\PagesControler.php(17): view('pages/admin')
 6 SYSTEMPATH\CodeIgniter.php(927): App\Controllers\PagesControler->Admin()
 7 SYSTEMPATH\CodeIgniter.php(482): CodeIgniter\CodeIgniter->runController(Object(App\Controllers\PagesControler))
 8 SYSTEMPATH\CodeIgniter.php(351): CodeIgniter\CodeIgniter->handleRequest(null, Object(Config\Cache), false)
 9 FCPATH\index.php(67): CodeIgniter\CodeIgniter->run()
10 SYSTEMPATH\Commands\Server\rewrite.php(46): require_once('FCPATH\\index.php')
CRITICAL - 2023-01-23 23:36:58 --> Undefined variable $ambil
in APPPATH\Views\pages\admin.php on line 8.
 1 APPPATH\Views\pages\admin.php(8): CodeIgniter\Debug\Exceptions->errorHandler(2, 'Undefined variable $ambil', 'APPPATH\\Views\\pages\\admin.php', 8)
 2 SYSTEMPATH\View\View.php(213): include('APPPATH\\Views\\pages\\admin.php')
 3 SYSTEMPATH\View\View.php(216): CodeIgniter\View\View->CodeIgniter\View\{closure}()
 4 SYSTEMPATH\Common.php(1134): CodeIgniter\View\View->render('pages/admin', [], true)
 5 APPPATH\Controllers\PagesControler.php(17): view('pages/admin')
 6 SYSTEMPATH\CodeIgniter.php(927): App\Controllers\PagesControler->Admin()
 7 SYSTEMPATH\CodeIgniter.php(482): CodeIgniter\CodeIgniter->runController(Object(App\Controllers\PagesControler))
 8 SYSTEMPATH\CodeIgniter.php(351): CodeIgniter\CodeIgniter->handleRequest(null, Object(Config\Cache), false)
 9 FCPATH\index.php(67): CodeIgniter\CodeIgniter->run()
10 SYSTEMPATH\Commands\Server\rewrite.php(46): require_once('FCPATH\\index.php')
CRITICAL - 2023-01-23 23:40:26 --> Class "App\Models\KomikModel" not found
in APPPATH\Controllers\Admin.php on line 12.
 1 SYSTEMPATH\CodeIgniter.php(889): App\Controllers\Admin->__construct()
 2 SYSTEMPATH\CodeIgniter.php(473): CodeIgniter\CodeIgniter->createController()
 3 SYSTEMPATH\CodeIgniter.php(351): CodeIgniter\CodeIgniter->handleRequest(null, Object(Config\Cache), false)
 4 FCPATH\index.php(67): CodeIgniter\CodeIgniter->run()
 5 SYSTEMPATH\Commands\Server\rewrite.php(46): require_once('FCPATH\\index.php')
CRITICAL - 2023-01-23 23:41:59 --> Class "App\Models\KomikModel" not found
in APPPATH\Controllers\Admin.php on line 12.
 1 SYSTEMPATH\CodeIgniter.php(889): App\Controllers\Admin->__construct()
 2 SYSTEMPATH\CodeIgniter.php(473): CodeIgniter\CodeIgniter->createController()
 3 SYSTEMPATH\CodeIgniter.php(351): CodeIgniter\CodeIgniter->handleRequest(null, Object(Config\Cache), false)
 4 FCPATH\index.php(67): CodeIgniter\CodeIgniter->run()
 5 SYSTEMPATH\Commands\Server\rewrite.php(46): require_once('FCPATH\\index.php')
CRITICAL - 2023-01-23 23:46:56 --> Cannot access offset of type string on string
in APPPATH\Views\pages\admin.php on line 11.
 1 SYSTEMPATH\View\View.php(213): include()
 2 SYSTEMPATH\View\View.php(216): CodeIgniter\View\View->CodeIgniter\View\{closure}()
 3 SYSTEMPATH\Common.php(1134): CodeIgniter\View\View->render('pages/admin', [], true)
 4 APPPATH\Controllers\Admin.php(25): view('pages/admin', [...])
 5 SYSTEMPATH\CodeIgniter.php(927): App\Controllers\Admin->add_komik()
 6 SYSTEMPATH\CodeIgniter.php(482): CodeIgniter\CodeIgniter->runController(Object(App\Controllers\Admin))
 7 SYSTEMPATH\CodeIgniter.php(351): CodeIgniter\CodeIgniter->handleRequest(null, Object(Config\Cache), false)
 8 FCPATH\index.php(67): CodeIgniter\CodeIgniter->run()
 9 SYSTEMPATH\Commands\Server\rewrite.php(46): require_once('FCPATH\\index.php')
CRITICAL - 2023-01-23 23:47:05 --> Cannot access offset of type string on string
in APPPATH\Views\pages\admin.php on line 11.
 1 SYSTEMPATH\View\View.php(213): include()
 2 SYSTEMPATH\View\View.php(216): CodeIgniter\View\View->CodeIgniter\View\{closure}()
 3 SYSTEMPATH\Common.php(1134): CodeIgniter\View\View->render('pages/admin', [], true)
 4 APPPATH\Controllers\Admin.php(25): view('pages/admin', [...])
 5 SYSTEMPATH\CodeIgniter.php(927): App\Controllers\Admin->add_komik()
 6 SYSTEMPATH\CodeIgniter.php(482): CodeIgniter\CodeIgniter->runController(Object(App\Controllers\Admin))
 7 SYSTEMPATH\CodeIgniter.php(351): CodeIgniter\CodeIgniter->handleRequest(null, Object(Config\Cache), false)
 8 FCPATH\index.php(67): CodeIgniter\CodeIgniter->run()
 9 SYSTEMPATH\Commands\Server\rewrite.php(46): require_once('FCPATH\\index.php')
CRITICAL - 2023-01-23 23:47:06 --> Cannot access offset of type string on string
in APPPATH\Views\pages\admin.php on line 11.
 1 SYSTEMPATH\View\View.php(213): include()
 2 SYSTEMPATH\View\View.php(216): CodeIgniter\View\View->CodeIgniter\View\{closure}()
 3 SYSTEMPATH\Common.php(1134): CodeIgniter\View\View->render('pages/admin', [], true)
 4 APPPATH\Controllers\Admin.php(25): view('pages/admin', [...])
 5 SYSTEMPATH\CodeIgniter.php(927): App\Controllers\Admin->add_komik()
 6 SYSTEMPATH\CodeIgniter.php(482): CodeIgniter\CodeIgniter->runController(Object(App\Controllers\Admin))
 7 SYSTEMPATH\CodeIgniter.php(351): CodeIgniter\CodeIgniter->handleRequest(null, Object(Config\Cache), false)
 8 FCPATH\index.php(67): CodeIgniter\CodeIgniter->run()
 9 SYSTEMPATH\Commands\Server\rewrite.php(46): require_once('FCPATH\\index.php')
CRITICAL - 2023-01-23 23:47:07 --> Cannot access offset of type string on string
in APPPATH\Views\pages\admin.php on line 11.
 1 SYSTEMPATH\View\View.php(213): include()
 2 SYSTEMPATH\View\View.php(216): CodeIgniter\View\View->CodeIgniter\View\{closure}()
 3 SYSTEMPATH\Common.php(1134): CodeIgniter\View\View->render('pages/admin', [], true)
 4 APPPATH\Controllers\Admin.php(25): view('pages/admin', [...])
 5 SYSTEMPATH\CodeIgniter.php(927): App\Controllers\Admin->add_komik()
 6 SYSTEMPATH\CodeIgniter.php(482): CodeIgniter\CodeIgniter->runController(Object(App\Controllers\Admin))
 7 SYSTEMPATH\CodeIgniter.php(351): CodeIgniter\CodeIgniter->handleRequest(null, Object(Config\Cache), false)
 8 FCPATH\index.php(67): CodeIgniter\CodeIgniter->run()
 9 SYSTEMPATH\Commands\Server\rewrite.php(46): require_once('FCPATH\\index.php')
CRITICAL - 2023-01-23 23:47:08 --> Cannot access offset of type string on string
in APPPATH\Views\pages\admin.php on line 11.
 1 SYSTEMPATH\View\View.php(213): include()
 2 SYSTEMPATH\View\View.php(216): CodeIgniter\View\View->CodeIgniter\View\{closure}()
 3 SYSTEMPATH\Common.php(1134): CodeIgniter\View\View->render('pages/admin', [], true)
 4 APPPATH\Controllers\Admin.php(25): view('pages/admin', [...])
 5 SYSTEMPATH\CodeIgniter.php(927): App\Controllers\Admin->add_komik()
 6 SYSTEMPATH\CodeIgniter.php(482): CodeIgniter\CodeIgniter->runController(Object(App\Controllers\Admin))
 7 SYSTEMPATH\CodeIgniter.php(351): CodeIgniter\CodeIgniter->handleRequest(null, Object(Config\Cache), false)
 8 FCPATH\index.php(67): CodeIgniter\CodeIgniter->run()
 9 SYSTEMPATH\Commands\Server\rewrite.php(46): require_once('FCPATH\\index.php')
CRITICAL - 2023-01-23 23:47:08 --> Cannot access offset of type string on string
in APPPATH\Views\pages\admin.php on line 11.
 1 SYSTEMPATH\View\View.php(213): include()
 2 SYSTEMPATH\View\View.php(216): CodeIgniter\View\View->CodeIgniter\View\{closure}()
 3 SYSTEMPATH\Common.php(1134): CodeIgniter\View\View->render('pages/admin', [], true)
 4 APPPATH\Controllers\Admin.php(25): view('pages/admin', [...])
 5 SYSTEMPATH\CodeIgniter.php(927): App\Controllers\Admin->add_komik()
 6 SYSTEMPATH\CodeIgniter.php(482): CodeIgniter\CodeIgniter->runController(Object(App\Controllers\Admin))
 7 SYSTEMPATH\CodeIgniter.php(351): CodeIgniter\CodeIgniter->handleRequest(null, Object(Config\Cache), false)
 8 FCPATH\index.php(67): CodeIgniter\CodeIgniter->run()
 9 SYSTEMPATH\Commands\Server\rewrite.php(46): require_once('FCPATH\\index.php')
CRITICAL - 2023-01-23 23:47:08 --> Cannot access offset of type string on string
in APPPATH\Views\pages\admin.php on line 11.
 1 SYSTEMPATH\View\View.php(213): include()
 2 SYSTEMPATH\View\View.php(216): CodeIgniter\View\View->CodeIgniter\View\{closure}()
 3 SYSTEMPATH\Common.php(1134): CodeIgniter\View\View->render('pages/admin', [], true)
 4 APPPATH\Controllers\Admin.php(25): view('pages/admin', [...])
 5 SYSTEMPATH\CodeIgniter.php(927): App\Controllers\Admin->add_komik()
 6 SYSTEMPATH\CodeIgniter.php(482): CodeIgniter\CodeIgniter->runController(Object(App\Controllers\Admin))
 7 SYSTEMPATH\CodeIgniter.php(351): CodeIgniter\CodeIgniter->handleRequest(null, Object(Config\Cache), false)
 8 FCPATH\index.php(67): CodeIgniter\CodeIgniter->run()
 9 SYSTEMPATH\Commands\Server\rewrite.php(46): require_once('FCPATH\\index.php')
CRITICAL - 2023-01-23 23:47:08 --> Cannot access offset of type string on string
in APPPATH\Views\pages\admin.php on line 11.
 1 SYSTEMPATH\View\View.php(213): include()
 2 SYSTEMPATH\View\View.php(216): CodeIgniter\View\View->CodeIgniter\View\{closure}()
 3 SYSTEMPATH\Common.php(1134): CodeIgniter\View\View->render('pages/admin', [], true)
 4 APPPATH\Controllers\Admin.php(25): view('pages/admin', [...])
 5 SYSTEMPATH\CodeIgniter.php(927): App\Controllers\Admin->add_komik()
 6 SYSTEMPATH\CodeIgniter.php(482): CodeIgniter\CodeIgniter->runController(Object(App\Controllers\Admin))
 7 SYSTEMPATH\CodeIgniter.php(351): CodeIgniter\CodeIgniter->handleRequest(null, Object(Config\Cache), false)
 8 FCPATH\index.php(67): CodeIgniter\CodeIgniter->run()
 9 SYSTEMPATH\Commands\Server\rewrite.php(46): require_once('FCPATH\\index.php')
CRITICAL - 2023-01-23 23:47:09 --> Cannot access offset of type string on string
in APPPATH\Views\pages\admin.php on line 11.
 1 SYSTEMPATH\View\View.php(213): include()
 2 SYSTEMPATH\View\View.php(216): CodeIgniter\View\View->CodeIgniter\View\{closure}()
 3 SYSTEMPATH\Common.php(1134): CodeIgniter\View\View->render('pages/admin', [], true)
 4 APPPATH\Controllers\Admin.php(25): view('pages/admin', [...])
 5 SYSTEMPATH\CodeIgniter.php(927): App\Controllers\Admin->add_komik()
 6 SYSTEMPATH\CodeIgniter.php(482): CodeIgniter\CodeIgniter->runController(Object(App\Controllers\Admin))
 7 SYSTEMPATH\CodeIgniter.php(351): CodeIgniter\CodeIgniter->handleRequest(null, Object(Config\Cache), false)
 8 FCPATH\index.php(67): CodeIgniter\CodeIgniter->run()
 9 SYSTEMPATH\Commands\Server\rewrite.php(46): require_once('FCPATH\\index.php')
CRITICAL - 2023-01-23 23:47:09 --> Cannot access offset of type string on string
in APPPATH\Views\pages\admin.php on line 11.
 1 SYSTEMPATH\View\View.php(213): include()
 2 SYSTEMPATH\View\View.php(216): CodeIgniter\View\View->CodeIgniter\View\{closure}()
 3 SYSTEMPATH\Common.php(1134): CodeIgniter\View\View->render('pages/admin', [], true)
 4 APPPATH\Controllers\Admin.php(25): view('pages/admin', [...])
 5 SYSTEMPATH\CodeIgniter.php(927): App\Controllers\Admin->add_komik()
 6 SYSTEMPATH\CodeIgniter.php(482): CodeIgniter\CodeIgniter->runController(Object(App\Controllers\Admin))
 7 SYSTEMPATH\CodeIgniter.php(351): CodeIgniter\CodeIgniter->handleRequest(null, Object(Config\Cache), false)
 8 FCPATH\index.php(67): CodeIgniter\CodeIgniter->run()
 9 SYSTEMPATH\Commands\Server\rewrite.php(46): require_once('FCPATH\\index.php')
CRITICAL - 2023-01-23 23:47:09 --> Cannot access offset of type string on string
in APPPATH\Views\pages\admin.php on line 11.
 1 SYSTEMPATH\View\View.php(213): include()
 2 SYSTEMPATH\View\View.php(216): CodeIgniter\View\View->CodeIgniter\View\{closure}()
 3 SYSTEMPATH\Common.php(1134): CodeIgniter\View\View->render('pages/admin', [], true)
 4 APPPATH\Controllers\Admin.php(25): view('pages/admin', [...])
 5 SYSTEMPATH\CodeIgniter.php(927): App\Controllers\Admin->add_komik()
 6 SYSTEMPATH\CodeIgniter.php(482): CodeIgniter\CodeIgniter->runController(Object(App\Controllers\Admin))
 7 SYSTEMPATH\CodeIgniter.php(351): CodeIgniter\CodeIgniter->handleRequest(null, Object(Config\Cache), false)
 8 FCPATH\index.php(67): CodeIgniter\CodeIgniter->run()
 9 SYSTEMPATH\Commands\Server\rewrite.php(46): require_once('FCPATH\\index.php')
CRITICAL - 2023-01-23 23:49:42 --> Cannot access offset of type string on string
in APPPATH\Views\pages\admin.php on line 11.
 1 SYSTEMPATH\View\View.php(213): include()
 2 SYSTEMPATH\View\View.php(216): CodeIgniter\View\View->CodeIgniter\View\{closure}()
 3 SYSTEMPATH\Common.php(1134): CodeIgniter\View\View->render('pages/admin', [], true)
 4 APPPATH\Controllers\Admin.php(25): view('pages/admin', [...])
 5 SYSTEMPATH\CodeIgniter.php(927): App\Controllers\Admin->add_komik()
 6 SYSTEMPATH\CodeIgniter.php(482): CodeIgniter\CodeIgniter->runController(Object(App\Controllers\Admin))
 7 SYSTEMPATH\CodeIgniter.php(351): CodeIgniter\CodeIgniter->handleRequest(null, Object(Config\Cache), false)
 8 FCPATH\index.php(67): CodeIgniter\CodeIgniter->run()
 9 SYSTEMPATH\Commands\Server\rewrite.php(46): require_once('FCPATH\\index.php')
CRITICAL - 2023-01-23 23:50:21 --> Cannot access offset of type string on string
in APPPATH\Views\pages\admin.php on line 11.
 1 SYSTEMPATH\View\View.php(213): include()
 2 SYSTEMPATH\View\View.php(216): CodeIgniter\View\View->CodeIgniter\View\{closure}()
 3 SYSTEMPATH\Common.php(1134): CodeIgniter\View\View->render('pages/admin', [], true)
 4 APPPATH\Controllers\Admin.php(25): view('pages/admin', [...])
 5 SYSTEMPATH\CodeIgniter.php(927): App\Controllers\Admin->add_komik()
 6 SYSTEMPATH\CodeIgniter.php(482): CodeIgniter\CodeIgniter->runController(Object(App\Controllers\Admin))
 7 SYSTEMPATH\CodeIgniter.php(351): CodeIgniter\CodeIgniter->handleRequest(null, Object(Config\Cache), false)
 8 FCPATH\index.php(67): CodeIgniter\CodeIgniter->run()
 9 SYSTEMPATH\Commands\Server\rewrite.php(46): require_once('FCPATH\\index.php')
CRITICAL - 2023-01-23 23:51:05 --> Cannot access offset of type string on string
in APPPATH\Views\pages\admin.php on line 11.
 1 SYSTEMPATH\View\View.php(213): include()
 2 SYSTEMPATH\View\View.php(216): CodeIgniter\View\View->CodeIgniter\View\{closure}()
 3 SYSTEMPATH\Common.php(1134): CodeIgniter\View\View->render('pages/admin', [], true)
 4 APPPATH\Controllers\Admin.php(25): view('pages/admin', [...])
 5 SYSTEMPATH\CodeIgniter.php(927): App\Controllers\Admin->add_komik()
 6 SYSTEMPATH\CodeIgniter.php(482): CodeIgniter\CodeIgniter->runController(Object(App\Controllers\Admin))
 7 SYSTEMPATH\CodeIgniter.php(351): CodeIgniter\CodeIgniter->handleRequest(null, Object(Config\Cache), false)
 8 FCPATH\index.php(67): CodeIgniter\CodeIgniter->run()
 9 SYSTEMPATH\Commands\Server\rewrite.php(46): require_once('FCPATH\\index.php')
CRITICAL - 2023-01-23 23:54:07 --> Cannot access offset of type string on string
in APPPATH\Views\pages\admin.php on line 11.
 1 SYSTEMPATH\View\View.php(213): include()
 2 SYSTEMPATH\View\View.php(216): CodeIgniter\View\View->CodeIgniter\View\{closure}()
 3 SYSTEMPATH\Common.php(1134): CodeIgniter\View\View->render('pages/admin', [], true)
 4 APPPATH\Controllers\Admin.php(25): view('pages/admin', [...])
 5 SYSTEMPATH\CodeIgniter.php(927): App\Controllers\Admin->add_komik()
 6 SYSTEMPATH\CodeIgniter.php(482): CodeIgniter\CodeIgniter->runController(Object(App\Controllers\Admin))
 7 SYSTEMPATH\CodeIgniter.php(351): CodeIgniter\CodeIgniter->handleRequest(null, Object(Config\Cache), false)
 8 FCPATH\index.php(67): CodeIgniter\CodeIgniter->run()
 9 SYSTEMPATH\Commands\Server\rewrite.php(46): require_once('FCPATH\\index.php')
CRITICAL - 2023-01-23 23:54:23 --> Cannot access offset of type string on string
in APPPATH\Views\pages\admin.php on line 13.
 1 SYSTEMPATH\View\View.php(213): include()
 2 SYSTEMPATH\View\View.php(216): CodeIgniter\View\View->CodeIgniter\View\{closure}()
 3 SYSTEMPATH\Common.php(1134): CodeIgniter\View\View->render('pages/admin', [], true)
 4 APPPATH\Controllers\Admin.php(25): view('pages/admin', [...])
 5 SYSTEMPATH\CodeIgniter.php(927): App\Controllers\Admin->add_komik()
 6 SYSTEMPATH\CodeIgniter.php(482): CodeIgniter\CodeIgniter->runController(Object(App\Controllers\Admin))
 7 SYSTEMPATH\CodeIgniter.php(351): CodeIgniter\CodeIgniter->handleRequest(null, Object(Config\Cache), false)
 8 FCPATH\index.php(67): CodeIgniter\CodeIgniter->run()
 9 SYSTEMPATH\Commands\Server\rewrite.php(46): require_once('FCPATH\\index.php')
